Experiment 'pythonaa' is active
Experiment 'pythonTensorboardExperiment' is active
Experiment 'pythonSurveyNotificationcf' is active
Experiment 'PythonPyTorchProfiler' is active
Experiment 'pythonDeprecatePythonPath' is active
Experiment 'pythonInterpreterInfoPinned' is active
> conda info --json
> /usr/bin/python ~/.vscode/extensions/ms-python.python-2022.4.0/pythonFiles/get_output_via_markers.py ~/.vscode/extensions/ms-python.python-2022.4.0/pythonFiles/interpreterInfo.py
> /usr/bin/python3 ~/.vscode/extensions/ms-python.python-2022.4.0/pythonFiles/get_output_via_markers.py ~/.vscode/extensions/ms-python.python-2022.4.0/pythonFiles/interpreterInfo.py
> /usr/include/python3.6 ~/.vscode/extensions/ms-python.python-2022.4.0/pythonFiles/get_output_via_markers.py ~/.vscode/extensions/ms-python.python-2022.4.0/pythonFiles/interpreterInfo.py
[ERROR 2022-3-7 7:43:36.354]: [Error: Command failed: /usr/include/python3.6 /root/.vscode/extensions/ms-python.python-2022.4.0/pythonFiles/get_output_via_markers.py /root/.vscode/extensions/ms-python.python-2022.4.0/pythonFiles/interpreterInfo.py
/bin/sh: 1: /usr/include/python3.6: Permission denied

	at ChildProcess.exithandler (child_process.js:317:12)
	at ChildProcess.emit (events.js:315:20)
	at maybeClose (internal/child_process.js:1048:16)
	at Socket.<anonymous> (internal/child_process.js:439:11)
	at Socket.emit (events.js:315:20)
	at Pipe.<anonymous> (net.js:673:12)] {
  killed: false,
  code: 126,
  signal: null,
  cmd: '/usr/include/python3.6 /root/.vscode/extensions/ms-python.python-2022.4.0/pythonFiles/get_output_via_markers.py /root/.vscode/extensions/ms-python.python-2022.4.0/pythonFiles/interpreterInfo.py'
}
Starting Pylance language server.
Python interpreter path: /usr/bin/python3
