[2022-04-07 07:43:34.117] [sharedprocess] [info] Deleted from disk ms-vscode-remote.remote-ssh-edit /root/.vscode/extensions/ms-vscode-remote.remote-ssh-edit-0.76.1
[2022-04-07 07:43:34.581] [sharedprocess] [info] Starting worker process with pid 15087 (type: fileWatcher, window: 1).
[2022-04-07 07:43:34.693] [sharedprocess] [info] Deleted from disk ms-python.vscode-pylance /root/.vscode/extensions/ms-python.vscode-pylance-2022.3.3
[2022-04-07 07:43:34.700] [sharedprocess] [info] Deleted from disk ms-vscode-remote.remote-containers /root/.vscode/extensions/ms-vscode-remote.remote-containers-0.231.0
[2022-04-07 07:43:34.746] [sharedprocess] [info] Deleted from disk ms-python.python /root/.vscode/extensions/ms-python.python-2022.2.1924087327
[2022-04-07 07:43:37.223] [sharedprocess] [info] Getting Manifest... ms-python.vscode-pylance
[2022-04-07 07:43:37.225] [sharedprocess] [info] Getting Manifest... ms-vscode-remote.remote-containers
[2022-04-07 07:43:37.226] [sharedprocess] [info] Getting Manifest... ms-vscode-remote.remote-ssh-edit
[2022-04-07 07:43:37.463] [sharedprocess] [info] Installing extension: ms-python.vscode-pylance
[2022-04-07 07:43:37.887] [sharedprocess] [info] Installing extension: ms-vscode-remote.remote-ssh-edit
[2022-04-07 07:43:37.889] [sharedprocess] [info] Installing extension: ms-vscode-remote.remote-containers
[2022-04-07 07:43:38.802] [sharedprocess] [info] Downloaded extension: ms-python.vscode-pylance /root/AutoSSAR/Gazebo/catkin_ws/src/Fast-Planner/fast_planner/~/.vscode-root/CachedExtensionVSIXs/ms-python.vscode-pylance-2022.4.0
[2022-04-07 07:43:39.216] [sharedprocess] [info] Downloaded extension: ms-vscode-remote.remote-containers /root/AutoSSAR/Gazebo/catkin_ws/src/Fast-Planner/fast_planner/~/.vscode-root/CachedExtensionVSIXs/ms-vscode-remote.remote-containers-0.231.4
[2022-04-07 07:43:39.223] [sharedprocess] [info] Downloaded extension: ms-vscode-remote.remote-ssh-edit /root/AutoSSAR/Gazebo/catkin_ws/src/Fast-Planner/fast_planner/~/.vscode-root/CachedExtensionVSIXs/ms-vscode-remote.remote-ssh-edit-0.80.0
[2022-04-07 07:43:39.253] [sharedprocess] [info] Extracted extension to /root/.vscode/extensions/.363b5f9b-bf95-4882-aa79-276b36610800: ms-vscode-remote.remote-ssh-edit
[2022-04-07 07:43:39.262] [sharedprocess] [info] Renamed to /root/.vscode/extensions/ms-vscode-remote.remote-ssh-edit-0.80.0
[2022-04-07 07:43:39.264] [sharedprocess] [info] Extracting completed. ms-vscode-remote.remote-ssh-edit
[2022-04-07 07:43:39.271] [sharedprocess] [info] Extension installed successfully: ms-vscode-remote.remote-ssh-edit
[2022-04-07 07:43:40.065] [sharedprocess] [info] Extracted extension to /root/.vscode/extensions/.3cc5efb0-b0d3-4617-ab16-b312a088c3ca: ms-vscode-remote.remote-containers
[2022-04-07 07:43:40.083] [sharedprocess] [info] Renamed to /root/.vscode/extensions/ms-vscode-remote.remote-containers-0.231.4
[2022-04-07 07:43:40.085] [sharedprocess] [info] Extracting completed. ms-vscode-remote.remote-containers
[2022-04-07 07:43:40.092] [sharedprocess] [info] Extension installed successfully: ms-vscode-remote.remote-containers
[2022-04-07 07:43:42.623] [sharedprocess] [info] Extracted extension to /root/.vscode/extensions/.5abb4f5c-2011-4c10-9ffc-56b0d4bd2eb8: ms-python.vscode-pylance
[2022-04-07 07:43:42.638] [sharedprocess] [info] Renamed to /root/.vscode/extensions/ms-python.vscode-pylance-2022.4.0
[2022-04-07 07:43:42.641] [sharedprocess] [info] Extracting completed. ms-python.vscode-pylance
[2022-04-07 07:43:42.653] [sharedprocess] [info] Extension installed successfully: ms-python.vscode-pylance
[2022-04-07 07:43:58.505] [sharedprocess] [info] Worker process with pid 15087 terminated normally (type: fileWatcher, window: 1).
[2022-04-07 07:43:59.663] [sharedprocess] [info] Starting worker process with pid 15306 (type: fileWatcher, window: 1).
