[2022-04-07 07:43:34.285] [exthost] [info] Extension host with pid 15044 started
[2022-04-07 07:43:34.361] [exthost] [info] ExtensionService#_doActivateExtension vscode.debug-auto-launch, startup: true, activationEvent: '*'
[2022-04-07 07:43:34.367] [exthost] [info] ExtensionService#_doActivateExtension vscode.git-base, startup: true, activationEvent: '*', root cause: vscode.github
[2022-04-07 07:43:34.371] [exthost] [info] ExtensionService#_doActivateExtension vscode.ipynb, startup: true, activationEvent: '*'
[2022-04-07 07:43:34.390] [exthost] [info] ExtensionService#_doActivateExtension ms-python.python, startup: true, activationEvent: '*', root cause: ms-iot.vscode-ros
[2022-04-07 07:43:34.589] [exthost] [info] ExtensionService#_doActivateExtension ms-vscode.cpptools, startup: true, activationEvent: '*', root cause: ms-iot.vscode-ros
[2022-04-07 07:43:34.720] [exthost] [info] ExtensionService#_doActivateExtension ms-vsliveshare.vsliveshare, startup: true, activationEvent: '*'
[2022-04-07 07:43:36.387] [exthost] [info] ExtensionService#_doActivateExtension ms-python.vscode-pylance, startup: false, activationEvent: 'api', root cause: ms-python.python
[2022-04-07 07:43:37.522] [exthost] [error] Activating extension ms-vsliveshare.vsliveshare failed due to an error:
[2022-04-07 07:43:37.522] [exthost] [error] Error: Agent terminated with exit code: 0 and signal null: A fatal error occurred. The required library libhostfxr.so could not be found.
If this is a self-contained application, that library should exist in [/root/.vscode/extensions/ms-vsliveshare.vsliveshare-1.0.5449/dotnet_modules/].
If this is a framework-dependent application, install the runtime in the global location [/usr/share/dotnet] or use the DOTNET_ROOT environment variable to specify the runtime location or register the runtime location in [/etc/dotnet/install_location].

The .NET Core runtime can be found at:
  - https://aka.ms/dotnet-core-applaunch?missing_runtime=true&arch=x64&rid=ubuntu.18.04-x64
	at ChildProcess.<anonymous> (/root/.vscode/extensions/ms-vsliveshare.vsliveshare-1.0.5449/out/prod/extension-prod.js:272026:32)
	at ChildProcess.emit (events.js:327:22)
	at maybeClose (internal/child_process.js:1048:16)
	at Socket.<anonymous> (internal/child_process.js:439:11)
	at Socket.emit (events.js:315:20)
	at Pipe.<anonymous> (net.js:673:12)
[2022-04-07 07:43:37.532] [exthost] [info] ExtensionService#_doActivateExtension vscode.git, startup: true, activationEvent: '*'
[2022-04-07 07:43:37.601] [exthost] [info] ExtensionService#_doActivateExtension vscode.github, startup: true, activationEvent: '*'
[2022-04-07 07:43:37.611] [exthost] [info] ExtensionService#_doActivateExtension ms-iot.vscode-ros, startup: true, activationEvent: '*'
[2022-04-07 07:43:37.808] [exthost] [info] Eager extensions activated
[2022-04-07 07:43:37.838] [exthost] [info] ExtensionService#_doActivateExtension vscode.emmet, startup: false, activationEvent: 'onStartupFinished'
[2022-04-07 07:43:37.855] [exthost] [info] ExtensionService#_doActivateExtension vscode.merge-conflict, startup: false, activationEvent: 'onStartupFinished'
[2022-04-07 07:43:37.859] [exthost] [info] ExtensionService#_doActivateExtension ms-vscode-remote.remote-containers, startup: false, activationEvent: 'onStartupFinished'
[2022-04-07 07:43:37.963] [exthost] [info] ExtensionService#_doActivateExtension ms-vscode-remote.remote-wsl, startup: false, activationEvent: 'onStartupFinished'
[2022-04-07 07:43:58.488] [exthost] [info] extension host terminating: renderer closed the socket
[2022-04-07 07:43:58.517] [exthost] [info] Extension host with pid 15044 exiting with code 0
[2022-04-07 07:44:00.610] [exthost] [info] Extension host with pid 15305 started
[2022-04-07 07:44:00.610] [exthost] [info] Skipping acquiring lock for /root/AutoSSAR/Gazebo/catkin_ws/src/Fast-Planner/fast_planner/~/.vscode-root/User/workspaceStorage/96ce9c2874c99c4e1c4bac707429da45.
[2022-04-07 07:44:00.677] [exthost] [info] ExtensionService#_doActivateExtension vscode.debug-auto-launch, startup: true, activationEvent: '*'
[2022-04-07 07:44:00.680] [exthost] [info] ExtensionService#_doActivateExtension vscode.git-base, startup: true, activationEvent: '*', root cause: vscode.github
[2022-04-07 07:44:00.683] [exthost] [info] ExtensionService#_doActivateExtension vscode.ipynb, startup: true, activationEvent: '*'
[2022-04-07 07:44:00.687] [exthost] [info] ExtensionService#_doActivateExtension ms-vsliveshare.vsliveshare, startup: true, activationEvent: '*'
[2022-04-07 07:44:02.358] [exthost] [error] Activating extension ms-vsliveshare.vsliveshare failed due to an error:
[2022-04-07 07:44:02.358] [exthost] [error] Error: Agent terminated with exit code: 0 and signal null: A fatal error occurred. The required library libhostfxr.so could not be found.
If this is a self-contained application, that library should exist in [/root/.vscode/extensions/ms-vsliveshare.vsliveshare-1.0.5449/dotnet_modules/].
If this is a framework-dependent application, install the runtime in the global location [/usr/share/dotnet] or use the DOTNET_ROOT environment variable to specify the runtime location or register the runtime location in [/etc/dotnet/install_location].

The .NET Core runtime can be found at:- https://aka.ms/dotnet-core-applaunch?missing_runtime=true&arch=x64&rid=ubuntu.18.04-x64
	at ChildProcess.<anonymous> (/root/.vscode/extensions/ms-vsliveshare.vsliveshare-1.0.5449/out/prod/extension-prod.js:272026:32)
	at ChildProcess.emit (events.js:327:22)
	at maybeClose (internal/child_process.js:1048:16)
	at Socket.<anonymous> (internal/child_process.js:439:11)
	at Socket.emit (events.js:315:20)
	at Pipe.<anonymous> (net.js:673:12)
[2022-04-07 07:44:02.397] [exthost] [info] ExtensionService#_doActivateExtension vscode.github, startup: true, activationEvent: '*'
[2022-04-07 07:44:02.412] [exthost] [info] Eager extensions activated
[2022-04-07 07:44:02.419] [exthost] [info] ExtensionService#_doActivateExtension vscode.emmet, startup: false, activationEvent: 'onStartupFinished'
[2022-04-07 07:44:02.425] [exthost] [info] ExtensionService#_doActivateExtension vscode.merge-conflict, startup: false, activationEvent: 'onStartupFinished'
[2022-04-07 07:44:02.426] [exthost] [info] ExtensionService#_doActivateExtension ms-vscode-remote.remote-containers, startup: false, activationEvent: 'onStartupFinished'
[2022-04-07 07:44:02.528] [exthost] [info] ExtensionService#_doActivateExtension ms-vscode-remote.remote-wsl, startup: false, activationEvent: 'onStartupFinished'
[2022-04-07 07:44:02.549] [exthost] [info] ExtensionService#_doActivateExtension vscode.git, startup: false, activationEvent: 'api', root cause: vscode.github
[2022-04-07 07:44:02.577] [exthost] [info] ExtensionService#_doActivateExtension ms-python.python, startup: false, activationEvent: '*', root cause: ms-iot.vscode-ros
[2022-04-07 07:44:02.639] [exthost] [info] ExtensionService#_doActivateExtension ms-vscode.cpptools, startup: false, activationEvent: '*', root cause: ms-iot.vscode-ros
[2022-04-07 07:44:02.769] [exthost] [info] ExtensionService#_doActivateExtension ms-vscode.cmake-tools, startup: false, activationEvent: 'workspaceContains:*/CMakeLists.txt,*/*/CMakeLists.txt,*/*/*/CMakeLists.txt'
[2022-04-07 07:44:03.532] [exthost] [warning] [Decorations] CAPPING events from decorations provider vscode.git 3049
[2022-04-07 07:44:03.591] [exthost] [info] ExtensionService#_doActivateExtension ms-iot.vscode-ros, startup: false, activationEvent: '*'
[2022-04-07 07:44:04.639] [exthost] [info] ExtensionService#_doActivateExtension ms-python.vscode-pylance, startup: false, activationEvent: 'api', root cause: ms-python.python
[2022-04-07 07:44:06.663] [exthost] [info] ExtensionService#_doActivateExtension twxs.cmake, startup: false, activationEvent: 'onLanguage:cmake'
[2022-04-07 07:44:07.328] [exthost] [info] ExtensionService#_doActivateExtension cschlosser.doxdocgen, startup: false, activationEvent: 'onLanguage:cpp'
[2022-04-07 07:44:46.626] [exthost] [info] extension host terminating: renderer closed the socket
[2022-04-07 07:44:46.659] [exthost] [info] Extension host with pid 15305 exiting with code 0
