Determining if the pthread_create exist failed with the following output:
Change Dir: /root/AutoSSAR/Gazebo/catkin_ws/src/octomap_msgs/build/CMakeFiles/CMakeTmp

Run Build Command:"/usr/bin/make" "cmTC_05d5f/fast"
/usr/bin/make -f CMakeFiles/cmTC_05d5f.dir/build.make CMakeFiles/cmTC_05d5f.dir/build
make[1]: Entering directory '/root/AutoSSAR/Gazebo/catkin_ws/src/octomap_msgs/build/CMakeFiles/CMakeTmp'
Building C object CMakeFiles/cmTC_05d5f.dir/CheckSymbolExists.c.o
/usr/bin/cc    -o CMakeFiles/cmTC_05d5f.dir/CheckSymbolExists.c.o   -c /root/AutoSSAR/Gazebo/catkin_ws/src/octomap_msgs/build/CMakeFiles/CMakeTmp/CheckSymbolExists.c
Linking C executable cmTC_05d5f
/usr/bin/cmake -E cmake_link_script CMakeFiles/cmTC_05d5f.dir/link.txt --verbose=1
/usr/bin/cc      -rdynamic CMakeFiles/cmTC_05d5f.dir/CheckSymbolExists.c.o  -o cmTC_05d5f 
CMakeFiles/cmTC_05d5f.dir/CheckSymbolExists.c.o: In function `main':
CheckSymbolExists.c:(.text+0x1b): undefined reference to `pthread_create'
collect2: error: ld returned 1 exit status
CMakeFiles/cmTC_05d5f.dir/build.make:97: recipe for target 'cmTC_05d5f' failed
make[1]: *** [cmTC_05d5f] Error 1
make[1]: Leaving directory '/root/AutoSSAR/Gazebo/catkin_ws/src/octomap_msgs/build/CMakeFiles/CMakeTmp'
Makefile:126: recipe for target 'cmTC_05d5f/fast' failed
make: *** [cmTC_05d5f/fast] Error 2

File /root/AutoSSAR/Gazebo/catkin_ws/src/octomap_msgs/build/CMakeFiles/CMakeTmp/CheckSymbolExists.c:
/* */
#include <pthread.h>

int main(int argc, char** argv)
{
  (void)argv;
#ifndef pthread_create
  return ((int*)(&pthread_create))[argc];
#else
  (void)argc;
  return 0;
#endif
}

Determining if the function pthread_create exists in the pthreads failed with the following output:
Change Dir: /root/AutoSSAR/Gazebo/catkin_ws/src/octomap_msgs/build/CMakeFiles/CMakeTmp

Run Build Command:"/usr/bin/make" "cmTC_d6c63/fast"
/usr/bin/make -f CMakeFiles/cmTC_d6c63.dir/build.make CMakeFiles/cmTC_d6c63.dir/build
make[1]: Entering directory '/root/AutoSSAR/Gazebo/catkin_ws/src/octomap_msgs/build/CMakeFiles/CMakeTmp'
Building C object CMakeFiles/cmTC_d6c63.dir/CheckFunctionExists.c.o
/usr/bin/cc   -DCHECK_FUNCTION_EXISTS=pthread_create   -o CMakeFiles/cmTC_d6c63.dir/CheckFunctionExists.c.o   -c /usr/share/cmake-3.10/Modules/CheckFunctionExists.c
Linking C executable cmTC_d6c63
/usr/bin/cmake -E cmake_link_script CMakeFiles/cmTC_d6c63.dir/link.txt --verbose=1
/usr/bin/cc  -DCHECK_FUNCTION_EXISTS=pthread_create    -rdynamic CMakeFiles/cmTC_d6c63.dir/CheckFunctionExists.c.o  -o cmTC_d6c63 -lpthreads 
/usr/bin/ld: cannot find -lpthreads
collect2: error: ld returned 1 exit status
CMakeFiles/cmTC_d6c63.dir/build.make:97: recipe for target 'cmTC_d6c63' failed
make[1]: *** [cmTC_d6c63] Error 1
make[1]: Leaving directory '/root/AutoSSAR/Gazebo/catkin_ws/src/octomap_msgs/build/CMakeFiles/CMakeTmp'
Makefile:126: recipe for target 'cmTC_d6c63/fast' failed
make: *** [cmTC_d6c63/fast] Error 2


